Release 14.7 - xst P.20131013 (lin64)
Copyright (c) 1995-2013 Xilinx, Inc.  All rights reserved.
--> 
Parameter TMPDIR set to xst/projnav.tmp


Total REAL time to Xst completion: 0.00 secs
Total CPU time to Xst completion: 0.05 secs
 
--> 
Parameter xsthdpdir set to xst


Total REAL time to Xst completion: 0.00 secs
Total CPU time to Xst completion: 0.05 secs
 
--> 
Reading design: four_bitAdder.prj

TABLE OF CONTENTS
  1) Synthesis Options Summary
  2) HDL Compilation
  3) Design Hierarchy Analysis
  4) HDL Analysis
  5) HDL Synthesis
     5.1) HDL Synthesis Report
  6) Advanced HDL Synthesis
     6.1) Advanced HDL Synthesis Report
  7) Low Level Synthesis
  8) Partition Report
  9) Final Report
	9.1) Device utilization summary
	9.2) Partition Resource Summary
	9.3) TIMING REPORT


=========================================================================
*                      Synthesis Options Summary                        *
=========================================================================
---- Source Parameters
Input File Name                    : "four_bitAdder.prj"
Input Format                       : mixed
Ignore Synthesis Constraint File   : NO

---- Target Parameters
Output File Name                   : "four_bitAdder"
Output Format                      : NGC
Target Device                      : xc3s500e-4-fg320

---- Source Options
Top Module Name                    : four_bitAdder
Automatic FSM Extraction           : YES
FSM Encoding Algorithm             : Auto
Safe Implementation                : No
FSM Style                          : LUT
RAM Extraction                     : Yes
RAM Style                          : Auto
ROM Extraction                     : Yes
Mux Style                          : Auto
Decoder Extraction                 : YES
Priority Encoder Extraction        : Yes
Shift Register Extraction          : YES
Logical Shifter Extraction         : YES
XOR Collapsing                     : YES
ROM Style                          : Auto
Mux Extraction                     : Yes
Resource Sharing                   : YES
Asynchronous To Synchronous        : NO
Multiplier Style                   : Auto
Automatic Register Balancing       : No

---- Target Options
Add IO Buffers                     : YES
Global Maximum Fanout              : 100000
Add Generic Clock Buffer(BUFG)     : 24
Register Duplication               : YES
Slice Packing                      : YES
Optimize Instantiated Primitives   : NO
Use Clock Enable                   : Yes
Use Synchronous Set                : Yes
Use Synchronous Reset              : Yes
Pack IO Registers into IOBs        : Auto
Equivalent register Removal        : YES

---- General Options
Optimization Goal                  : Speed
Optimization Effort                : 1
Keep Hierarchy                     : No
Netlist Hierarchy                  : As_Optimized
RTL Output                         : Yes
Global Optimization                : AllClockNets
Read Cores                         : YES
Write Timing Constraints           : NO
Cross Clock Analysis               : NO
Hierarchy Separator                : /
Bus Delimiter                      : <>
Case Specifier                     : Maintain
Slice Utilization Ratio            : 100
BRAM Utilization Ratio             : 100
Verilog 2001                       : YES
Auto BRAM Packing                  : NO
Slice Utilization Ratio Delta      : 5

=========================================================================


=========================================================================
*                          HDL Compilation                              *
=========================================================================
Compiling vhdl file "/home/muriki/FPGA/teste/FullAder.vhd" in Library work.
Architecture behavioral of Entity fulladder is up to date.
Compiling vhdl file "/home/muriki/FPGA/teste/display.vhd" in Library work.
Entity <display> compiled.
Entity <display> (Architecture <comportamento>) compiled.
Compiling vhdl file "/home/muriki/FPGA/teste/teste.vhd" in Library work.
Architecture comportamento of Entity four_bitadder is up to date.

=========================================================================
*                     Design Hierarchy Analysis                         *
=========================================================================
Analyzing hierarchy for entity <four_bitAdder> in library <work> (architecture <comportamento>).

Analyzing hierarchy for entity <fullAdder> in library <work> (architecture <behavioral>).

Analyzing hierarchy for entity <display> in library <work> (architecture <comportamento>).


=========================================================================
*                            HDL Analysis                               *
=========================================================================
Analyzing Entity <four_bitAdder> in library <work> (Architecture <comportamento>).
Entity <four_bitAdder> analyzed. Unit <four_bitAdder> generated.

Analyzing Entity <fullAdder> in library <work> (Architecture <behavioral>).
Entity <fullAdder> analyzed. Unit <fullAdder> generated.

Analyzing Entity <display> in library <work> (Architecture <comportamento>).
INFO:Xst:1561 - "/home/muriki/FPGA/teste/display.vhd" line 33: Mux is complete : default of case is discarded
Entity <display> analyzed. Unit <display> generated.


=========================================================================
*                           HDL Synthesis                               *
=========================================================================

Performing bidirectional port resolution...

Synthesizing Unit <fullAdder>.
    Related source file is "/home/muriki/FPGA/teste/FullAder.vhd".
    Found 1-bit xor2 for signal <s>.
    Found 1-bit xor2 for signal <c>.
Unit <fullAdder> synthesized.


Synthesizing Unit <display>.
    Related source file is "/home/muriki/FPGA/teste/display.vhd".
    Found 16x8-bit ROM for signal <cathodes>.
    Summary:
	inferred   1 ROM(s).
Unit <display> synthesized.


Synthesizing Unit <four_bitAdder>.
    Related source file is "/home/muriki/FPGA/teste/teste.vhd".
    Found 1-bit xor2 for signal <overflow>.
Unit <four_bitAdder> synthesized.


=========================================================================
HDL Synthesis Report

Macro Statistics
# ROMs                                                 : 1
 16x8-bit ROM                                          : 1
# Xors                                                 : 9
 1-bit xor2                                            : 9

=========================================================================

=========================================================================
*                       Advanced HDL Synthesis                          *
=========================================================================


=========================================================================
Advanced HDL Synthesis Report

Macro Statistics
# ROMs                                                 : 1
 16x8-bit ROM                                          : 1
# Xors                                                 : 9
 1-bit xor2                                            : 9

=========================================================================

=========================================================================
*                         Low Level Synthesis                           *
=========================================================================

Optimizing unit <four_bitAdder> ...

Mapping all equations...
Building and optimizing final netlist ...
Found area constraint ratio of 100 (+ 5) on block four_bitAdder, actual ratio is 0.

Final Macro Processing ...

=========================================================================
Final Register Report

Found no macro
=========================================================================

=========================================================================
*                           Partition Report                            *
=========================================================================

Partition Implementation Status
-------------------------------

  No Partitions were found in this design.

-------------------------------

=========================================================================
*                            Final Report                               *
=========================================================================
Final Results
RTL Top Level Output File Name     : four_bitAdder.ngr
Top Level Output File Name         : four_bitAdder
Output Format                      : NGC
Optimization Goal                  : Speed
Keep Hierarchy                     : No

Design Statistics
# IOs                              : 21

Cell Usage :
# BELS                             : 17
#      GND                         : 1
#      LUT2                        : 1
#      LUT3                        : 6
#      LUT4                        : 9
# IO Buffers                       : 21
#      IBUF                        : 8
#      OBUF                        : 13
=========================================================================

Device utilization summary:
---------------------------

Selected Device : 3s500efg320-4 

 Number of Slices:                        9  out of   4656     0%  
 Number of 4 input LUTs:                 16  out of   9312     0%  
 Number of IOs:                          21
 Number of bonded IOBs:                  21  out of    232     9%  

---------------------------
Partition Resource Summary:
---------------------------

  No Partitions were found in this design.

---------------------------


=========================================================================
TIMING REPORT

NOTE: THESE TIMING NUMBERS ARE ONLY A SYNTHESIS ESTIMATE.
      FOR ACCURATE TIMING INFORMATION PLEASE REFER TO THE TRACE REPORT
      GENERATED AFTER PLACE-and-ROUTE.

Clock Information:
------------------
No clock signals found in this design

Asynchronous Control Signals Information:
----------------------------------------
No asynchronous control signals found in this design

Timing Summary:
---------------
Speed Grade: -4

   Minimum period: No path found
   Minimum input arrival time before clock: No path found
   Maximum output required time after clock: No path found
   Maximum combinational path delay: 11.426ns

Timing Detail:
--------------
All values displayed in nanoseconds (ns)

=========================================================================
Timing constraint: Default path analysis
  Total number of paths / destination ports: 176 / 9
-------------------------------------------------------------------------
Delay:               11.426ns (Levels of Logic = 7)
  Source:            a<0> (PAD)
  Destination:       cathodes<3> (PAD)

  Data Path: a<0> to cathodes<3>
                                Gate     Net
    Cell:in->out      fanout   Delay   Delay  Logical Name (Net Name)
    ----------------------------------------  ------------
     IBUF:I->O             4   1.218   0.666  a_0_IBUF (a_0_IBUF)
     LUT4:I1->O            2   0.704   0.526  s1/cout1 (cout<1>)
     LUT3:I1->O            3   0.704   0.566  s2/cout1 (cout<2>)
     LUT3:I2->O            7   0.704   0.787  s3/Mxor_s_Result1 (s<3>)
     LUT4:I1->O            2   0.704   0.451  disp/Mrom_cathodes11 (cathodes_0_OBUF)
     LUT4:I3->O            1   0.704   0.420  disp/Mrom_cathodes3 (cathodes_3_OBUF)
     OBUF:I->O                 3.272          cathodes_3_OBUF (cathodes<3>)
    ----------------------------------------
    Total                     11.426ns (8.010ns logic, 3.416ns route)
                                       (70.1% logic, 29.9% route)

=========================================================================


Total REAL time to Xst completion: 3.00 secs
Total CPU time to Xst completion: 3.52 secs
 
--> 


Total memory usage is 502660 kilobytes

Number of errors   :    0 (   0 filtered)
Number of warnings :    0 (   0 filtered)
Number of infos    :    1 (   0 filtered)

